<?xml version="1.0" encoding="UTF-8"?>
<!-- Generated by org.testng.reporters.JUnitReportReporter -->
<testsuite skipped="0" hostname="LAPTOP-HSMKRUAG" name="script.Test1" tests="1" failures="0" timestamp="2023-06-23T08:37:20 IST" time="14.822" errors="0">
  <testcase name="test1" time="14.822" classname="script.Test1"/>
  <system-out>
    <![CDATA[bhanu
test1...]]>
  </system-out>
</testsuite> <!-- script.Test1 -->
