<?xml version="1.0" encoding="UTF-8"?>
<!-- Generated by org.testng.reporters.JUnitReportReporter -->
<testsuite skipped="0" hostname="LAPTOP-HSMKRUAG" name="script.ValidLogin" tests="1" failures="0" timestamp="2023-06-26T08:44:05 IST" time="34.680" errors="0">
  <testcase name="testValidLogin" time="34.680" classname="script.ValidLogin"/>
  <system-out>
    <![CDATA[Home Page is Displayed]]>
  </system-out>
</testsuite> <!-- script.ValidLogin -->
